<?xml version="1.0" encoding="UTF-8"?>
<!-- Generated by org.testng.reporters.JUnitXMLReporter -->
<testsuite ignored="4" hostname="LAPTOP-KFM2KDI1" failures="0" tests="1" name="sanity" time="7.795" errors="0" timestamp="2022-10-09T12:32:22 IST">
  <testcase classname="assignments.TestcaseAssignment1" name="verify_checkbox" time="0.685"/>
  <testcase classname="assignments.TestcaseAssignment1" name="verify_text" time="0.0">
    <ignored/>
  </testcase> <!-- verify_text -->
  <testcase classname="assignments.TestcaseAssignment1" name="verify_text_message" time="0.0">
    <ignored/>
  </testcase> <!-- verify_text_message -->
  <testcase classname="assignments.TestcaseAssignment1" name="verify_state" time="0.0">
    <ignored/>
  </testcase> <!-- verify_state -->
  <testcase classname="assignments.TestcaseAssignment1" name="verify_alert_text" time="0.0">
    <ignored/>
  </testcase> <!-- verify_alert_text -->
</testsuite> <!-- sanity -->
