<?xml version="1.0" encoding="UTF-8"?>
<!-- Generated by org.testng.reporters.JUnitXMLReporter -->
<testsuite ignored="0" hostname="LAPTOP-KFM2KDI1" failures="0" tests="7" name="smoke" time="56.715" errors="0" timestamp="2022-10-09T12:01:36 IST">
  <testcase classname="assignments.AmazonSwitchToAssignment" name="testcase" time="11.806"/>
  <testcase classname="assignments.DataProviderAssignment" name="testcase" time="0.705"/>
  <testcase classname="assignments.DataProviderAssignment" name="testcase" time="0.725"/>
  <testcase classname="assignments.DataProviderAssignment" name="testcase" time="0.766"/>
  <testcase classname="assignments.DataProviderAssignment" name="testcase" time="0.96"/>
  <testcase classname="testngbasic.SwitchToWindowExample" name="testcase1" time="0.842"/>
  <testcase classname="testngbasic.SwitchToWindowExample" name="testcase2" time="1.122"/>
</testsuite> <!-- smoke -->
